Added Component: Designator=B1(JP2)
Add component (AddParameter): Name = "LatestRevisionDate"; Value = "17-Jul-2002"; VariantName = "[No Variations]"
Add component (AddParameter): Name = "LatestRevisionNote"; Value = "Re-released for DXP Platform."; VariantName = "[No Variations]"
Add component (AddParameter): Name = "Publisher"; Value = "Altium Limited"; VariantName = "[No Variations]"
Added Component: Designator=B2(JP2)
Add component (AddParameter): Name = "LatestRevisionDate"; Value = "17-Jul-2002"; VariantName = "[No Variations]"
Add component (AddParameter): Name = "LatestRevisionNote"; Value = "Re-released for DXP Platform."; VariantName = "[No Variations]"
Add component (AddParameter): Name = "Publisher"; Value = "Altium Limited"; VariantName = "[No Variations]"
Added Component: Designator=C1(JP2)
Add component (AddParameter): Name = "LatestRevisionDate"; Value = "17-Jul-2002"; VariantName = "[No Variations]"
Add component (AddParameter): Name = "LatestRevisionNote"; Value = "Re-released for DXP Platform."; VariantName = "[No Variations]"
Add component (AddParameter): Name = "Publisher"; Value = "Altium Limited"; VariantName = "[No Variations]"
Added Component: Designator=C2(JP2)
Add component (AddParameter): Name = "LatestRevisionDate"; Value = "17-Jul-2002"; VariantName = "[No Variations]"
Add component (AddParameter): Name = "LatestRevisionNote"; Value = "Re-released for DXP Platform."; VariantName = "[No Variations]"
Add component (AddParameter): Name = "Publisher"; Value = "Altium Limited"; VariantName = "[No Variations]"
Added Component: Designator=Di1(JP2)
Add component (AddParameter): Name = "LatestRevisionDate"; Value = "17-Jul-2002"; VariantName = "[No Variations]"
Add component (AddParameter): Name = "LatestRevisionNote"; Value = "Re-released for DXP Platform."; VariantName = "[No Variations]"
Add component (AddParameter): Name = "Publisher"; Value = "Altium Limited"; VariantName = "[No Variations]"
Added Component: Designator=M1(LM2596)
Added Component: Designator=Q1(IRF9540N-TO-220AB)
Add component (AddParameter): Name = "ComponentLink1Description"; Value = "Datasheet link"; VariantName = "[No Variations]"
Add component (AddParameter): Name = "ComponentLink1URL"; Value = "https://www.mouser.vn/datasheet/2/196/Infineon_IRF9540N_DataSheet_v01_01_EN-3166147.pdf"; VariantName = "[No Variations]"
Add component (AddParameter): Name = "ComponentLink2Description"; Value = "Supplier 1 URL"; VariantName = "[No Variations]"
Add component (AddParameter): Name = "ComponentLink2URL"; Value = "https://www.mouser.vn/ProductDetail/Infineon-Technologies/IRF9540NPBF?qs=9%252BKlkBgLFf0vnuA8mxUPtw%3D%3D"; VariantName = "[No Variations]"
Add component (AddParameter): Name = "ComponentLink3Description"; Value = "Supplier 2 URL"; VariantName = "[No Variations]"
Add component (AddParameter): Name = "ComponentLink3URL"; Value = "https://www.digikey.com/en/products/detail/infineon-technologies/IRF9540NPBF/812088"; VariantName = "[No Variations]"
Add component (AddParameter): Name = "ComponentLink4Description"; Value = "Supplier 3 URL"; VariantName = "[No Variations]"
Add component (AddParameter): Name = "ComponentLink4URL"; Value = "https://www.thegioiic.com/irf9540npbf-mosfet-kenh-p-100v-19a-to-220ab"; VariantName = "[No Variations]"
Add component (AddParameter): Name = "Continuous Drain Current"; Value = "-23A"; VariantName = "[No Variations]"
Add component (AddParameter): Name = "Device Package"; Value = "TO-220AB"; VariantName = "[No Variations]"
Add component (AddParameter): Name = "Drain to Source Voltage (Vdss)"; Value = "-100V"; VariantName = "[No Variations]"
Add component (AddParameter): Name = "Drain-to-Source On-Resistance"; Value = "0.117?"; VariantName = "[No Variations]"
Add component (AddParameter): Name = "FET Type"; Value = "P-Channel"; VariantName = "[No Variations]"
Add component (AddParameter): Name = "Gate Threshold Voltage (Vth)"; Value = "N/A"; VariantName = "[No Variations]"
Add component (AddParameter): Name = "Gate-to-Source Voltage (VGS)"; Value = "±20V"; VariantName = "[No Variations]"
Add component (AddParameter): Name = "Power Dissipation"; Value = "140W"; VariantName = "[No Variations]"
Add component (AddParameter): Name = "Supplier 1 Name"; Value = "Mouser"; VariantName = "[No Variations]"
Add component (AddParameter): Name = "Supplier 1 SN"; Value = "942-IRF9540NPBF"; VariantName = "[No Variations]"
Add component (AddParameter): Name = "Supplier 1 URL"; Value = "https://www.mouser.vn/ProductDetail/Infineon-Technologies/IRF9540NPBF?qs=9%252BKlkBgLFf0vnuA8mxUPtw%3D%3D"; VariantName = "[No Variations]"
Add component (AddParameter): Name = "Supplier 2 Name"; Value = "Digi-Key"; VariantName = "[No Variations]"
Add component (AddParameter): Name = "Supplier 2 SN"; Value = "IRF9540NPBF-ND"; VariantName = "[No Variations]"
Add component (AddParameter): Name = "Supplier 2 URL"; Value = "https://www.digikey.com/en/products/detail/infineon-technologies/IRF9540NPBF/812088"; VariantName = "[No Variations]"
Add component (AddParameter): Name = "Supplier 3 Name"; Value = "thegioiic"; VariantName = "[No Variations]"
Add component (AddParameter): Name = "Supplier 3 SN"; Value = "N/A"; VariantName = "[No Variations]"
Add component (AddParameter): Name = "Supplier 3 URL"; Value = "https://www.thegioiic.com/irf9540npbf-mosfet-kenh-p-100v-19a-to-220ab"; VariantName = "[No Variations]"
Add component (AddParameter): Name = "Total Gate Charge"; Value = "97nC"; VariantName = "[No Variations]"
Add component (AddParameter): Name = "Value"; Value = "IRF9540N"; VariantName = "[No Variations]"
Added Component: Designator=Q2(IRF9540N-TO-220AB)
Add component (AddParameter): Name = "ComponentLink1Description"; Value = "Datasheet link"; VariantName = "[No Variations]"
Add component (AddParameter): Name = "ComponentLink1URL"; Value = "https://www.mouser.vn/datasheet/2/196/Infineon_IRF9540N_DataSheet_v01_01_EN-3166147.pdf"; VariantName = "[No Variations]"
Add component (AddParameter): Name = "ComponentLink2Description"; Value = "Supplier 1 URL"; VariantName = "[No Variations]"
Add component (AddParameter): Name = "ComponentLink2URL"; Value = "https://www.mouser.vn/ProductDetail/Infineon-Technologies/IRF9540NPBF?qs=9%252BKlkBgLFf0vnuA8mxUPtw%3D%3D"; VariantName = "[No Variations]"
Add component (AddParameter): Name = "ComponentLink3Description"; Value = "Supplier 2 URL"; VariantName = "[No Variations]"
Add component (AddParameter): Name = "ComponentLink3URL"; Value = "https://www.digikey.com/en/products/detail/infineon-technologies/IRF9540NPBF/812088"; VariantName = "[No Variations]"
Add component (AddParameter): Name = "ComponentLink4Description"; Value = "Supplier 3 URL"; VariantName = "[No Variations]"
Add component (AddParameter): Name = "ComponentLink4URL"; Value = "https://www.thegioiic.com/irf9540npbf-mosfet-kenh-p-100v-19a-to-220ab"; VariantName = "[No Variations]"
Add component (AddParameter): Name = "Continuous Drain Current"; Value = "-23A"; VariantName = "[No Variations]"
Add component (AddParameter): Name = "Device Package"; Value = "TO-220AB"; VariantName = "[No Variations]"
Add component (AddParameter): Name = "Drain to Source Voltage (Vdss)"; Value = "-100V"; VariantName = "[No Variations]"
Add component (AddParameter): Name = "Drain-to-Source On-Resistance"; Value = "0.117?"; VariantName = "[No Variations]"
Add component (AddParameter): Name = "FET Type"; Value = "P-Channel"; VariantName = "[No Variations]"
Add component (AddParameter): Name = "Gate Threshold Voltage (Vth)"; Value = "N/A"; VariantName = "[No Variations]"
Add component (AddParameter): Name = "Gate-to-Source Voltage (VGS)"; Value = "±20V"; VariantName = "[No Variations]"
Add component (AddParameter): Name = "Power Dissipation"; Value = "140W"; VariantName = "[No Variations]"
Add component (AddParameter): Name = "Supplier 1 Name"; Value = "Mouser"; VariantName = "[No Variations]"
Add component (AddParameter): Name = "Supplier 1 SN"; Value = "942-IRF9540NPBF"; VariantName = "[No Variations]"
Add component (AddParameter): Name = "Supplier 1 URL"; Value = "https://www.mouser.vn/ProductDetail/Infineon-Technologies/IRF9540NPBF?qs=9%252BKlkBgLFf0vnuA8mxUPtw%3D%3D"; VariantName = "[No Variations]"
Add component (AddParameter): Name = "Supplier 2 Name"; Value = "Digi-Key"; VariantName = "[No Variations]"
Add component (AddParameter): Name = "Supplier 2 SN"; Value = "IRF9540NPBF-ND"; VariantName = "[No Variations]"
Add component (AddParameter): Name = "Supplier 2 URL"; Value = "https://www.digikey.com/en/products/detail/infineon-technologies/IRF9540NPBF/812088"; VariantName = "[No Variations]"
Add component (AddParameter): Name = "Supplier 3 Name"; Value = "thegioiic"; VariantName = "[No Variations]"
Add component (AddParameter): Name = "Supplier 3 SN"; Value = "N/A"; VariantName = "[No Variations]"
Add component (AddParameter): Name = "Supplier 3 URL"; Value = "https://www.thegioiic.com/irf9540npbf-mosfet-kenh-p-100v-19a-to-220ab"; VariantName = "[No Variations]"
Add component (AddParameter): Name = "Total Gate Charge"; Value = "97nC"; VariantName = "[No Variations]"
Add component (AddParameter): Name = "Value"; Value = "IRF9540N"; VariantName = "[No Variations]"
Added Component: Designator=Q3(IRF9540N-TO-220AB)
Add component (AddParameter): Name = "ComponentLink1Description"; Value = "Datasheet link"; VariantName = "[No Variations]"
Add component (AddParameter): Name = "ComponentLink1URL"; Value = "https://www.mouser.vn/datasheet/2/196/Infineon_IRF9540N_DataSheet_v01_01_EN-3166147.pdf"; VariantName = "[No Variations]"
Add component (AddParameter): Name = "ComponentLink2Description"; Value = "Supplier 1 URL"; VariantName = "[No Variations]"
Add component (AddParameter): Name = "ComponentLink2URL"; Value = "https://www.mouser.vn/ProductDetail/Infineon-Technologies/IRF9540NPBF?qs=9%252BKlkBgLFf0vnuA8mxUPtw%3D%3D"; VariantName = "[No Variations]"
Add component (AddParameter): Name = "ComponentLink3Description"; Value = "Supplier 2 URL"; VariantName = "[No Variations]"
Add component (AddParameter): Name = "ComponentLink3URL"; Value = "https://www.digikey.com/en/products/detail/infineon-technologies/IRF9540NPBF/812088"; VariantName = "[No Variations]"
Add component (AddParameter): Name = "ComponentLink4Description"; Value = "Supplier 3 URL"; VariantName = "[No Variations]"
Add component (AddParameter): Name = "ComponentLink4URL"; Value = "https://www.thegioiic.com/irf9540npbf-mosfet-kenh-p-100v-19a-to-220ab"; VariantName = "[No Variations]"
Add component (AddParameter): Name = "Continuous Drain Current"; Value = "-23A"; VariantName = "[No Variations]"
Add component (AddParameter): Name = "Device Package"; Value = "TO-220AB"; VariantName = "[No Variations]"
Add component (AddParameter): Name = "Drain to Source Voltage (Vdss)"; Value = "-100V"; VariantName = "[No Variations]"
Add component (AddParameter): Name = "Drain-to-Source On-Resistance"; Value = "0.117?"; VariantName = "[No Variations]"
Add component (AddParameter): Name = "FET Type"; Value = "P-Channel"; VariantName = "[No Variations]"
Add component (AddParameter): Name = "Gate Threshold Voltage (Vth)"; Value = "N/A"; VariantName = "[No Variations]"
Add component (AddParameter): Name = "Gate-to-Source Voltage (VGS)"; Value = "±20V"; VariantName = "[No Variations]"
Add component (AddParameter): Name = "Power Dissipation"; Value = "140W"; VariantName = "[No Variations]"
Add component (AddParameter): Name = "Supplier 1 Name"; Value = "Mouser"; VariantName = "[No Variations]"
Add component (AddParameter): Name = "Supplier 1 SN"; Value = "942-IRF9540NPBF"; VariantName = "[No Variations]"
Add component (AddParameter): Name = "Supplier 1 URL"; Value = "https://www.mouser.vn/ProductDetail/Infineon-Technologies/IRF9540NPBF?qs=9%252BKlkBgLFf0vnuA8mxUPtw%3D%3D"; VariantName = "[No Variations]"
Add component (AddParameter): Name = "Supplier 2 Name"; Value = "Digi-Key"; VariantName = "[No Variations]"
Add component (AddParameter): Name = "Supplier 2 SN"; Value = "IRF9540NPBF-ND"; VariantName = "[No Variations]"
Add component (AddParameter): Name = "Supplier 2 URL"; Value = "https://www.digikey.com/en/products/detail/infineon-technologies/IRF9540NPBF/812088"; VariantName = "[No Variations]"
Add component (AddParameter): Name = "Supplier 3 Name"; Value = "thegioiic"; VariantName = "[No Variations]"
Add component (AddParameter): Name = "Supplier 3 SN"; Value = "N/A"; VariantName = "[No Variations]"
Add component (AddParameter): Name = "Supplier 3 URL"; Value = "https://www.thegioiic.com/irf9540npbf-mosfet-kenh-p-100v-19a-to-220ab"; VariantName = "[No Variations]"
Add component (AddParameter): Name = "Total Gate Charge"; Value = "97nC"; VariantName = "[No Variations]"
Add component (AddParameter): Name = "Value"; Value = "IRF9540N"; VariantName = "[No Variations]"
Added Component: Designator=Q4(IRF9540N-TO-220AB)
Add component (AddParameter): Name = "ComponentLink1Description"; Value = "Datasheet link"; VariantName = "[No Variations]"
Add component (AddParameter): Name = "ComponentLink1URL"; Value = "https://www.mouser.vn/datasheet/2/196/Infineon_IRF9540N_DataSheet_v01_01_EN-3166147.pdf"; VariantName = "[No Variations]"
Add component (AddParameter): Name = "ComponentLink2Description"; Value = "Supplier 1 URL"; VariantName = "[No Variations]"
Add component (AddParameter): Name = "ComponentLink2URL"; Value = "https://www.mouser.vn/ProductDetail/Infineon-Technologies/IRF9540NPBF?qs=9%252BKlkBgLFf0vnuA8mxUPtw%3D%3D"; VariantName = "[No Variations]"
Add component (AddParameter): Name = "ComponentLink3Description"; Value = "Supplier 2 URL"; VariantName = "[No Variations]"
Add component (AddParameter): Name = "ComponentLink3URL"; Value = "https://www.digikey.com/en/products/detail/infineon-technologies/IRF9540NPBF/812088"; VariantName = "[No Variations]"
Add component (AddParameter): Name = "ComponentLink4Description"; Value = "Supplier 3 URL"; VariantName = "[No Variations]"
Add component (AddParameter): Name = "ComponentLink4URL"; Value = "https://www.thegioiic.com/irf9540npbf-mosfet-kenh-p-100v-19a-to-220ab"; VariantName = "[No Variations]"
Add component (AddParameter): Name = "Continuous Drain Current"; Value = "-23A"; VariantName = "[No Variations]"
Add component (AddParameter): Name = "Device Package"; Value = "TO-220AB"; VariantName = "[No Variations]"
Add component (AddParameter): Name = "Drain to Source Voltage (Vdss)"; Value = "-100V"; VariantName = "[No Variations]"
Add component (AddParameter): Name = "Drain-to-Source On-Resistance"; Value = "0.117?"; VariantName = "[No Variations]"
Add component (AddParameter): Name = "FET Type"; Value = "P-Channel"; VariantName = "[No Variations]"
Add component (AddParameter): Name = "Gate Threshold Voltage (Vth)"; Value = "N/A"; VariantName = "[No Variations]"
Add component (AddParameter): Name = "Gate-to-Source Voltage (VGS)"; Value = "±20V"; VariantName = "[No Variations]"
Add component (AddParameter): Name = "Power Dissipation"; Value = "140W"; VariantName = "[No Variations]"
Add component (AddParameter): Name = "Supplier 1 Name"; Value = "Mouser"; VariantName = "[No Variations]"
Add component (AddParameter): Name = "Supplier 1 SN"; Value = "942-IRF9540NPBF"; VariantName = "[No Variations]"
Add component (AddParameter): Name = "Supplier 1 URL"; Value = "https://www.mouser.vn/ProductDetail/Infineon-Technologies/IRF9540NPBF?qs=9%252BKlkBgLFf0vnuA8mxUPtw%3D%3D"; VariantName = "[No Variations]"
Add component (AddParameter): Name = "Supplier 2 Name"; Value = "Digi-Key"; VariantName = "[No Variations]"
Add component (AddParameter): Name = "Supplier 2 SN"; Value = "IRF9540NPBF-ND"; VariantName = "[No Variations]"
Add component (AddParameter): Name = "Supplier 2 URL"; Value = "https://www.digikey.com/en/products/detail/infineon-technologies/IRF9540NPBF/812088"; VariantName = "[No Variations]"
Add component (AddParameter): Name = "Supplier 3 Name"; Value = "thegioiic"; VariantName = "[No Variations]"
Add component (AddParameter): Name = "Supplier 3 SN"; Value = "N/A"; VariantName = "[No Variations]"
Add component (AddParameter): Name = "Supplier 3 URL"; Value = "https://www.thegioiic.com/irf9540npbf-mosfet-kenh-p-100v-19a-to-220ab"; VariantName = "[No Variations]"
Add component (AddParameter): Name = "Total Gate Charge"; Value = "97nC"; VariantName = "[No Variations]"
Add component (AddParameter): Name = "Value"; Value = "IRF9540N"; VariantName = "[No Variations]"
Added Component: Designator=Q5(IRF9540N-TO-220AB)
Add component (AddParameter): Name = "ComponentLink1Description"; Value = "Datasheet link"; VariantName = "[No Variations]"
Add component (AddParameter): Name = "ComponentLink1URL"; Value = "https://www.mouser.vn/datasheet/2/196/Infineon_IRF9540N_DataSheet_v01_01_EN-3166147.pdf"; VariantName = "[No Variations]"
Add component (AddParameter): Name = "ComponentLink2Description"; Value = "Supplier 1 URL"; VariantName = "[No Variations]"
Add component (AddParameter): Name = "ComponentLink2URL"; Value = "https://www.mouser.vn/ProductDetail/Infineon-Technologies/IRF9540NPBF?qs=9%252BKlkBgLFf0vnuA8mxUPtw%3D%3D"; VariantName = "[No Variations]"
Add component (AddParameter): Name = "ComponentLink3Description"; Value = "Supplier 2 URL"; VariantName = "[No Variations]"
Add component (AddParameter): Name = "ComponentLink3URL"; Value = "https://www.digikey.com/en/products/detail/infineon-technologies/IRF9540NPBF/812088"; VariantName = "[No Variations]"
Add component (AddParameter): Name = "ComponentLink4Description"; Value = "Supplier 3 URL"; VariantName = "[No Variations]"
Add component (AddParameter): Name = "ComponentLink4URL"; Value = "https://www.thegioiic.com/irf9540npbf-mosfet-kenh-p-100v-19a-to-220ab"; VariantName = "[No Variations]"
Add component (AddParameter): Name = "Continuous Drain Current"; Value = "-23A"; VariantName = "[No Variations]"
Add component (AddParameter): Name = "Device Package"; Value = "TO-220AB"; VariantName = "[No Variations]"
Add component (AddParameter): Name = "Drain to Source Voltage (Vdss)"; Value = "-100V"; VariantName = "[No Variations]"
Add component (AddParameter): Name = "Drain-to-Source On-Resistance"; Value = "0.117?"; VariantName = "[No Variations]"
Add component (AddParameter): Name = "FET Type"; Value = "P-Channel"; VariantName = "[No Variations]"
Add component (AddParameter): Name = "Gate Threshold Voltage (Vth)"; Value = "N/A"; VariantName = "[No Variations]"
Add component (AddParameter): Name = "Gate-to-Source Voltage (VGS)"; Value = "±20V"; VariantName = "[No Variations]"
Add component (AddParameter): Name = "Power Dissipation"; Value = "140W"; VariantName = "[No Variations]"
Add component (AddParameter): Name = "Supplier 1 Name"; Value = "Mouser"; VariantName = "[No Variations]"
Add component (AddParameter): Name = "Supplier 1 SN"; Value = "942-IRF9540NPBF"; VariantName = "[No Variations]"
Add component (AddParameter): Name = "Supplier 1 URL"; Value = "https://www.mouser.vn/ProductDetail/Infineon-Technologies/IRF9540NPBF?qs=9%252BKlkBgLFf0vnuA8mxUPtw%3D%3D"; VariantName = "[No Variations]"
Add component (AddParameter): Name = "Supplier 2 Name"; Value = "Digi-Key"; VariantName = "[No Variations]"
Add component (AddParameter): Name = "Supplier 2 SN"; Value = "IRF9540NPBF-ND"; VariantName = "[No Variations]"
Add component (AddParameter): Name = "Supplier 2 URL"; Value = "https://www.digikey.com/en/products/detail/infineon-technologies/IRF9540NPBF/812088"; VariantName = "[No Variations]"
Add component (AddParameter): Name = "Supplier 3 Name"; Value = "thegioiic"; VariantName = "[No Variations]"
Add component (AddParameter): Name = "Supplier 3 SN"; Value = "N/A"; VariantName = "[No Variations]"
Add component (AddParameter): Name = "Supplier 3 URL"; Value = "https://www.thegioiic.com/irf9540npbf-mosfet-kenh-p-100v-19a-to-220ab"; VariantName = "[No Variations]"
Add component (AddParameter): Name = "Total Gate Charge"; Value = "97nC"; VariantName = "[No Variations]"
Add component (AddParameter): Name = "Value"; Value = "IRF9540N"; VariantName = "[No Variations]"
Added Component: Designator=R1(JP2)
Add component (AddParameter): Name = "LatestRevisionDate"; Value = "17-Jul-2002"; VariantName = "[No Variations]"
Add component (AddParameter): Name = "LatestRevisionNote"; Value = "Re-released for DXP Platform."; VariantName = "[No Variations]"
Add component (AddParameter): Name = "Publisher"; Value = "Altium Limited"; VariantName = "[No Variations]"
Added Component: Designator=R2(JP2)
Add component (AddParameter): Name = "LatestRevisionDate"; Value = "17-Jul-2002"; VariantName = "[No Variations]"
Add component (AddParameter): Name = "LatestRevisionNote"; Value = "Re-released for DXP Platform."; VariantName = "[No Variations]"
Add component (AddParameter): Name = "Publisher"; Value = "Altium Limited"; VariantName = "[No Variations]"
Added Component: Designator=R3(JP2)
Add component (AddParameter): Name = "LatestRevisionDate"; Value = "17-Jul-2002"; VariantName = "[No Variations]"
Add component (AddParameter): Name = "LatestRevisionNote"; Value = "Re-released for DXP Platform."; VariantName = "[No Variations]"
Add component (AddParameter): Name = "Publisher"; Value = "Altium Limited"; VariantName = "[No Variations]"
Added Component: Designator=R4(JP2)
Add component (AddParameter): Name = "LatestRevisionDate"; Value = "17-Jul-2002"; VariantName = "[No Variations]"
Add component (AddParameter): Name = "LatestRevisionNote"; Value = "Re-released for DXP Platform."; VariantName = "[No Variations]"
Add component (AddParameter): Name = "Publisher"; Value = "Altium Limited"; VariantName = "[No Variations]"
Added Component: Designator=R5(JP2)
Add component (AddParameter): Name = "LatestRevisionDate"; Value = "17-Jul-2002"; VariantName = "[No Variations]"
Add component (AddParameter): Name = "LatestRevisionNote"; Value = "Re-released for DXP Platform."; VariantName = "[No Variations]"
Add component (AddParameter): Name = "Publisher"; Value = "Altium Limited"; VariantName = "[No Variations]"
Added Component: Designator=R6(JP2)
Add component (AddParameter): Name = "LatestRevisionDate"; Value = "17-Jul-2002"; VariantName = "[No Variations]"
Add component (AddParameter): Name = "LatestRevisionNote"; Value = "Re-released for DXP Platform."; VariantName = "[No Variations]"
Add component (AddParameter): Name = "Publisher"; Value = "Altium Limited"; VariantName = "[No Variations]"
Added Component: Designator=R7(JP2)
Add component (AddParameter): Name = "LatestRevisionDate"; Value = "17-Jul-2002"; VariantName = "[No Variations]"
Add component (AddParameter): Name = "LatestRevisionNote"; Value = "Re-released for DXP Platform."; VariantName = "[No Variations]"
Add component (AddParameter): Name = "Publisher"; Value = "Altium Limited"; VariantName = "[No Variations]"
Added Component: Designator=U1(JP4)
Add component (AddParameter): Name = "LatestRevisionDate"; Value = "17-Jul-2002"; VariantName = "[No Variations]"
Add component (AddParameter): Name = "LatestRevisionNote"; Value = "Re-released for DXP Platform."; VariantName = "[No Variations]"
Add component (AddParameter): Name = "Publisher"; Value = "Altium Limited"; VariantName = "[No Variations]"
Added Component: Designator=U2(Stm32 BluePill)
Added Component: Designator=U3(FP-A000005-MFG)
Add component (AddParameter): Name = "Core Architecture"; Value = "AVR"; VariantName = "[No Variations]"
Add component (AddParameter): Name = "Data Bus Width"; Value = "8b"; VariantName = "[No Variations]"
Add component (AddParameter): Name = "Evaluation Kit"; Value = "Yes"; VariantName = "[No Variations]"
Add component (AddParameter): Name = "Height"; Value = "0.25inch"; VariantName = "[No Variations]"
Add component (AddParameter): Name = "Interface"; Value = "I2C"; VariantName = "[No Variations]"
Add component (AddParameter): Name = "Length"; Value = "7inch"; VariantName = "[No Variations]"
Add component (AddParameter): Name = "Number of Bits"; Value = "8"; VariantName = "[No Variations]"
Add component (AddParameter): Name = "Operating Supply Voltage"; Value = "12V"; VariantName = "[No Variations]"
Add component (AddParameter): Name = "Package Quantity"; Value = "50"; VariantName = "[No Variations]"
Add component (AddParameter): Name = "Packaging"; Value = "Bulk"; VariantName = "[No Variations]"
Add component (AddParameter): Name = "REACH SVHC"; Value = "No SVHC"; VariantName = "[No Variations]"
Add component (AddParameter): Name = "Series"; Value = "AVR® ATmega"; VariantName = "[No Variations]"
Add component (AddParameter): Name = "Weight"; Value = "0.358383oz"; VariantName = "[No Variations]"
Add component (AddParameter): Name = "Width"; Value = "5inch"; VariantName = "[No Variations]"
Added Component: Designator=U4(MODULE_904)
Add component (AddParameter): Name = "Availability"; Value = "Unavailable"; VariantName = "[No Variations]"
Add component (AddParameter): Name = "MF"; Value = "Adafruit Industries"; VariantName = "[No Variations]"
Add component (AddParameter): Name = "MP"; Value = "904"; VariantName = "[No Variations]"
Add component (AddParameter): Name = "Package"; Value = "None"; VariantName = "[No Variations]"
Add component (AddParameter): Name = "Price"; Value = "None"; VariantName = "[No Variations]"
Add component (AddParameter): Name = "Value"; Value = ""; VariantName = "[No Variations]"
Added Pin To Net: NetName=5V Pin=M1-1
Added Pin To Net: NetName=5V Pin=Q1-3
Added Pin To Net: NetName=5V Pin=Q2-3
Added Pin To Net: NetName=5V Pin=Q3-3
Added Pin To Net: NetName=5V Pin=Q4-3
Added Pin To Net: NetName=5V Pin=U1-3
Added Pin To Net: NetName=5V Pin=U2-18
Added Pin To Net: NetName=5V Pin=U3-27
Added Pin To Net: NetName=5V Pin=U4-1
Added Net: Name=5V
Added Pin To Net: NetName=ARD_D2 Pin=Q1-1
Added Pin To Net: NetName=ARD_D2 Pin=U3-5
Added Net: Name=ARD_D2
Added Pin To Net: NetName=ARD_D3 Pin=Q2-1
Added Pin To Net: NetName=ARD_D3 Pin=U3-6
Added Net: Name=ARD_D3
Added Pin To Net: NetName=ARD_D4 Pin=Q3-1
Added Pin To Net: NetName=ARD_D4 Pin=U3-7
Added Net: Name=ARD_D4
Added Pin To Net: NetName=ARD_D5 Pin=Q4-1
Added Pin To Net: NetName=ARD_D5 Pin=U3-8
Added Net: Name=ARD_D5
Added Pin To Net: NetName=GNDin Pin=M1-4
Added Net: Name=GNDin
Added Pin To Net: NetName=GND Pin=B2-1
Added Pin To Net: NetName=GND Pin=C1-2
Added Pin To Net: NetName=GND Pin=C2-1
Added Pin To Net: NetName=GND Pin=Di1-1
Added Pin To Net: NetName=GND Pin=M1-2
Added Pin To Net: NetName=GND Pin=R1-1
Added Pin To Net: NetName=GND Pin=R7-2
Added Pin To Net: NetName=GND Pin=U1-4
Added Pin To Net: NetName=GND Pin=U2-19
Added Pin To Net: NetName=GND Pin=U2-39
Added Pin To Net: NetName=GND Pin=U2-40
Added Pin To Net: NetName=GND Pin=U3-4
Added Pin To Net: NetName=GND Pin=U3-29
Added Pin To Net: NetName=GND Pin=U4-2
Added Net: Name=GND
Added Pin To Net: NetName=NetB1_1 Pin=B1-1
Added Pin To Net: NetName=NetB1_1 Pin=M1-3
Added Net: Name=NetB1_1
Added Pin To Net: NetName=NetB2_2 Pin=B2-2
Added Pin To Net: NetName=NetB2_2 Pin=C1-1
Added Pin To Net: NetName=NetB2_2 Pin=U2-32
Added Net: Name=NetB2_2
Added Pin To Net: NetName=NetQ1_2 Pin=Q1-2
Added Pin To Net: NetName=NetQ1_2 Pin=R2-2
Added Net: Name=NetQ1_2
Added Pin To Net: NetName=NetQ2_2 Pin=Q2-2
Added Pin To Net: NetName=NetQ2_2 Pin=R3-2
Added Net: Name=NetQ2_2
Added Pin To Net: NetName=NetQ3_2 Pin=Q3-2
Added Pin To Net: NetName=NetQ3_2 Pin=R4-2
Added Net: Name=NetQ3_2
Added Pin To Net: NetName=NetQ4_2 Pin=Q4-2
Added Pin To Net: NetName=NetQ4_2 Pin=R5-2
Added Net: Name=NetQ4_2
Added Pin To Net: NetName=NetQ5_1 Pin=Q5-1
Added Pin To Net: NetName=NetQ5_1 Pin=R7-1
Added Net: Name=NetQ5_1
Added Pin To Net: NetName=NetQ5_3 Pin=Q5-3
Added Pin To Net: NetName=NetQ5_3 Pin=R6-2
Added Net: Name=NetQ5_3
Added Pin To Net: NetName=SCL Pin=U1-2
Added Pin To Net: NetName=SCL Pin=U2-14
Added Pin To Net: NetName=SCL Pin=U3-24
Added Pin To Net: NetName=SCL Pin=U4-3
Added Net: Name=SCL
Added Pin To Net: NetName=SDA Pin=U1-1
Added Pin To Net: NetName=SDA Pin=U2-15
Added Pin To Net: NetName=SDA Pin=U3-23
Added Pin To Net: NetName=SDA Pin=U4-4
Added Net: Name=SDA
Added Pin To Net: NetName=STM_A0 Pin=C2-2
Added Pin To Net: NetName=STM_A0 Pin=Di1-2
Added Pin To Net: NetName=STM_A0 Pin=R1-2
Added Pin To Net: NetName=STM_A0 Pin=R6-1
Added Pin To Net: NetName=STM_A0 Pin=U2-25
Added Net: Name=STM_A0
Added Pin To Net: NetName=STM_A1 Pin=R2-1
Added Pin To Net: NetName=STM_A1 Pin=R3-1
Added Pin To Net: NetName=STM_A1 Pin=R4-1
Added Pin To Net: NetName=STM_A1 Pin=R5-1
Added Pin To Net: NetName=STM_A1 Pin=U2-26
Added Net: Name=STM_A1
Added Pin To Net: NetName=Vin Pin=B1-2
Added Net: Name=Vin
Added Pin To Net: NetName=Vol+ Pin=Q5-2
Added Net: Name=Vol+
Added Class: Name=sche_v1
Added Room: Name=sche_v1
